Unity Editor version:    2020.3.30f1 (1fb1bf06830e)
Branch:                  2020.3/staging
Build type:              Release
Batch mode:              YES
macOS version:           Version 11.6.5 (Build 20G527)
Darwin version:          20.6.0
Architecture:            x86_64
Running under Rosetta:   NO
Available memory:        16384 MB
Using pre-set license
Pro License: NO

COMMAND LINE ARGUMENTS:
/Applications/Unity/Hub/Editor/2020.3.30f1/Unity.app/Contents/MacOS/Unity
-adb2
-batchMode
-noUpm
-name
AssetImportWorker0
-projectPath
/Users/texas/3d project unity/Project Boost
-logFile
Logs/AssetImportWorker0.log
-srvPort
62203
Successfully changed project path to: /Users/texas/3d project unity/Project Boost
/Users/texas/3d project unity/Project Boost
Using Asset Import Pipeline V2.
Refreshing native plugins compatible for Editor in 72.03 ms, found 2 plugins.
Preloading 0 native plugins for Editor in 0.00 ms.
Initialize engine version: 2020.3.30f1 (1fb1bf06830e)
[Subsystems] Discovering subsystems at path /Applications/Unity/Hub/Editor/2020.3.30f1/Unity.app/Contents/Resources/UnitySubsystems
[Subsystems] Discovering subsystems at path /Users/texas/3d project unity/Project Boost/Assets
GfxDevice: creating device client; threaded=0
2022-06-07 15:31:48.227 Unity[11639:844151] Color LCD preferred device: Intel(R) HD Graphics 630 (low power)
2022-06-07 15:31:48.227 Unity[11639:844151] Metal devices available: 2
2022-06-07 15:31:48.227 Unity[11639:844151] 0: AMD Radeon Pro 560 (high power)
2022-06-07 15:31:48.227 Unity[11639:844151] 1: Intel(R) HD Graphics 630 (low power)
2022-06-07 15:31:48.228 Unity[11639:844151] Using device AMD Radeon Pro 560 (high power)
Initializing Metal device caps: AMD Radeon Pro 560
Initialize mono
Mono path[0] = '/Applications/Unity/Hub/Editor/2020.3.30f1/Unity.app/Contents/Managed'
Mono path[1] = '/Applications/Unity/Hub/Editor/2020.3.30f1/Unity.app/Contents/MonoBleedingEdge/lib/mono/unityjit'
Mono config path = '/Applications/Unity/Hub/Editor/2020.3.30f1/Unity.app/Contents/MonoBleedingEdge/etc'
Using monoOptions --debugger-agent=transport=dt_socket,embedding=1,server=y,suspend=n,address=127.0.0.1:56639
Begin MonoManager ReloadAssembly
Registering precompiled unity dll's ...
Register platform support module: /Applications/Unity/Hub/Editor/2020.3.30f1/PlaybackEngines/WebGLSupport/UnityEditor.WebGL.Extensions.dll
Register platform support module: /Applications/Unity/Hub/Editor/2020.3.30f1/Unity.app/Contents/PlaybackEngines/MacStandaloneSupport/UnityEditor.OSXStandalone.Extensions.dll
Registered in 0.001935 seconds.
Native extension for OSXStandalone target not found
Native extension for WebGL target not found
Refreshing native plugins compatible for Editor in 78.31 ms, found 2 plugins.
Preloading 0 native plugins for Editor in 0.00 ms.
Mono: successfully reloaded assembly
- Completed reload, in  1.641 seconds
Domain Reload Profiling:
	ReloadAssembly (1642ms)
		BeginReloadAssembly (120ms)
			ExecutionOrderSort (0ms)
			DisableScriptedObjects (0ms)
			BackupInstance (0ms)
			ReleaseScriptingObjects (0ms)
			CreateAndSetChildDomain (2ms)
		EndReloadAssembly (1322ms)
			LoadAssemblies (117ms)
			RebuildTransferFunctionScriptingTraits (0ms)
			SetupTypeCache (503ms)
			ReleaseScriptCaches (0ms)
			RebuildScriptCaches (111ms)
			SetupLoadedEditorAssemblies (476ms)
				LogAssemblyErrors (0ms)
				InitializePlatformSupportModulesInManaged (13ms)
				SetLoadedEditorAssemblies (1ms)
				RefreshPlugins (79ms)
				BeforeProcessingInitializeOnLoad (29ms)
				ProcessInitializeOnLoadAttributes (279ms)
				ProcessInitializeOnLoadMethodAttributes (74ms)
				AfterProcessingInitializeOnLoad (0ms)
				EditorAssembliesLoaded (1ms)
			ExecutionOrderSort2 (0ms)
			AwakeInstancesAfterBackupRestoration (0ms)
Platform modules already initialized, skipping
Registering precompiled user dll's ...
Registered in 0.003539 seconds.
Begin MonoManager ReloadAssembly
Symbol file LoadedFromMemory doesn't match image /Users/texas/3d project unity/Project Boost/Library/PackageCache/com.unity.collab-proxy@1.15.15/Lib/Editor/PlasticSCM/unityplastic.dll
Native extension for OSXStandalone target not found
Native extension for WebGL target not found
Refreshing native plugins compatible for Editor in 0.75 ms, found 2 plugins.
Preloading 0 native plugins for Editor in 0.00 ms.
Mono: successfully reloaded assembly
- Completed reload, in  2.946 seconds
Domain Reload Profiling:
	ReloadAssembly (2947ms)
		BeginReloadAssembly (423ms)
			ExecutionOrderSort (0ms)
			DisableScriptedObjects (15ms)
			BackupInstance (0ms)
			ReleaseScriptingObjects (0ms)
			CreateAndSetChildDomain (82ms)
		EndReloadAssembly (2348ms)
			LoadAssemblies (203ms)
			RebuildTransferFunctionScriptingTraits (0ms)
			SetupTypeCache (850ms)
			ReleaseScriptCaches (1ms)
			RebuildScriptCaches (143ms)
			SetupLoadedEditorAssemblies (852ms)
				LogAssemblyErrors (0ms)
				InitializePlatformSupportModulesInManaged (16ms)
				SetLoadedEditorAssemblies (1ms)
				RefreshPlugins (1ms)
				BeforeProcessingInitializeOnLoad (188ms)
				ProcessInitializeOnLoadAttributes (616ms)
				ProcessInitializeOnLoadMethodAttributes (26ms)
				AfterProcessingInitializeOnLoad (3ms)
				EditorAssembliesLoaded (1ms)
			ExecutionOrderSort2 (0ms)
			AwakeInstancesAfterBackupRestoration (20ms)
Platform modules already initialized, skipping
Validating Project structure ... 0.001255 seconds.
Shader import version has changed; will reimport all shaders...
Upgrading shader files ...0.001437 seconds.
Application.AssetDatabase Initial Script Refresh Start
RefreshInfo: InitialScriptRefreshV2(NoUpdateAssetOptions) scanfilter:  ... 1 filters
RefreshProfiler: Total: 0.000ms
Application.AssetDatabase Initial Script Refresh End
Application.AssetDatabase.Refresh Start
Application.AssetDatabase.Refresh End
RefreshInfo: StopAssetImportingV2(ForceSynchronousImport) scanfilter: 
RefreshProfiler: Total: 0.000ms
Launching external process: /Applications/Unity/Hub/Editor/2020.3.30f1/Unity.app/Contents/Tools/UnityShaderCompiler
Launched and connected shader compiler UnityShaderCompiler after 0.03 seconds
Initializing Unity extensions:
========================================================================
Worker process is ready to serve import requests
Refreshing native plugins compatible for Editor in 0.44 ms, found 2 plugins.
Preloading 0 native plugins for Editor in 0.00 ms.
Unloading 1510 Unused Serialized files (Serialized files now loaded: 0)
System memory in use before: 265.5 MB.
System memory in use after: 265.3 MB.

Unloading 78 unused Assets to reduce memory usage. Loaded Objects now: 2012.
Total: 6.401660 ms (FindLiveObjects: 0.364115 ms CreateObjectMapping: 0.175589 ms MarkObjects: 5.534994 ms  DeleteObjects: 0.323607 ms)

AssetImportParameters requested are different than current active one (requested -> active):
  custom:video-decoder-ogg-theora: a1e56fd34408186e4bbccfd4996cb3dc -> 
  custom:container-muxer-webm: aa71ff27fc2769a1b78a27578f13a17b -> 
  custom:container-demuxer-webm: 4f35f7cbe854078d1ac9338744f61a02 -> 
  custom:container-demuxer-ogg: 62fdf1f143b41e24485cea50d1cbac27 -> 
  custom:video-encoder-webm-vp8: eb34c28f22e8b96e1ab97ce403110664 -> 
  custom:framework-osx-AVFoundation: e770b220cccbd017edd2c1fefb359320 -> 
  custom:video-decoder-webm-vp8: 9c59270c3fd7afecdb556c50c9e8de78 -> 
  custom:audio-decoder-ogg-vorbis: bf7c407c2cedff20999df2af8eb42d56 -> 
  custom:audio-encoder-webm-vorbis: bf7c407c2cedff20999df2af8eb42d56 -> 
========================================================================
Received Import Request.
  path: Assets/Prefabs/SM_Prop_Drone_01 Variant 1.prefab
  artifactKey: Guid(030b8b7f13f484f99b6d698a192196b9) Importer(815301076,1909f56bfc062723c751e8b465ee728b)
Start importing Assets/Prefabs/SM_Prop_Drone_01 Variant 1.prefab using Guid(030b8b7f13f484f99b6d698a192196b9) Importer(815301076,1909f56bfc062723c751e8b465ee728b)  -> (artifact id: '7fc596bcfafdc20623eafd4e4baf229d') in 2.086594 seconds 
========================================================================
Received Import Request.
  Time since last request: 14.784291 seconds.
  path: Assets/Prefabs/SM_Prop_Drone_01 Variant 1.prefab
  artifactKey: Guid(030b8b7f13f484f99b6d698a192196b9) Importer(815301076,1909f56bfc062723c751e8b465ee728b)
Start importing Assets/Prefabs/SM_Prop_Drone_01 Variant 1.prefab using Guid(030b8b7f13f484f99b6d698a192196b9) Importer(815301076,1909f56bfc062723c751e8b465ee728b)  -> (artifact id: 'e0bfbab9d22c7f3178d3fa8867a8a9a4') in 0.041418 seconds 
========================================================================
Received Import Request.
  Time since last request: 4.177490 seconds.
  path: Assets/Prefabs/SM_Prop_Drone_01 Variant 1.prefab
  artifactKey: Guid(030b8b7f13f484f99b6d698a192196b9) Importer(815301076,1909f56bfc062723c751e8b465ee728b)
Start importing Assets/Prefabs/SM_Prop_Drone_01 Variant 1.prefab using Guid(030b8b7f13f484f99b6d698a192196b9) Importer(815301076,1909f56bfc062723c751e8b465ee728b)  -> (artifact id: '2e640f53dc4f0e2def931708ba739b84') in 0.039095 seconds 
========================================================================
Received Import Request.
  Time since last request: 0.425794 seconds.
  path: Assets/Prefabs/SM_Prop_Drone_01 Variant 1.prefab
  artifactKey: Guid(030b8b7f13f484f99b6d698a192196b9) Importer(815301076,1909f56bfc062723c751e8b465ee728b)
Start importing Assets/Prefabs/SM_Prop_Drone_01 Variant 1.prefab using Guid(030b8b7f13f484f99b6d698a192196b9) Importer(815301076,1909f56bfc062723c751e8b465ee728b)  -> (artifact id: '65fcb473ce53b961d59067c120cf8d28') in 0.035736 seconds 
========================================================================
Received Import Request.
  Time since last request: 3.577008 seconds.
  path: Assets/Prefabs/SM_Prop_Drone_01 Variant 1.prefab
  artifactKey: Guid(030b8b7f13f484f99b6d698a192196b9) Importer(815301076,1909f56bfc062723c751e8b465ee728b)
Start importing Assets/Prefabs/SM_Prop_Drone_01 Variant 1.prefab using Guid(030b8b7f13f484f99b6d698a192196b9) Importer(815301076,1909f56bfc062723c751e8b465ee728b)  -> (artifact id: '3631b000d38e1b0b8572c3f70f4df382') in 0.038822 seconds 
========================================================================
Received Import Request.
  Time since last request: 17.857675 seconds.
  path: Assets/Prefabs/SM_Prop_Drone_01 Variant 1.prefab
  artifactKey: Guid(030b8b7f13f484f99b6d698a192196b9) Importer(815301076,1909f56bfc062723c751e8b465ee728b)
Start importing Assets/Prefabs/SM_Prop_Drone_01 Variant 1.prefab using Guid(030b8b7f13f484f99b6d698a192196b9) Importer(815301076,1909f56bfc062723c751e8b465ee728b)  -> (artifact id: 'fba978529b85da96288b55af21c39084') in 0.037726 seconds 
========================================================================
Received Import Request.
  Time since last request: 8.907124 seconds.
  path: Assets/Prefabs/SM_Prop_Drone_01 Variant 1.prefab
  artifactKey: Guid(030b8b7f13f484f99b6d698a192196b9) Importer(815301076,1909f56bfc062723c751e8b465ee728b)
Start importing Assets/Prefabs/SM_Prop_Drone_01 Variant 1.prefab using Guid(030b8b7f13f484f99b6d698a192196b9) Importer(815301076,1909f56bfc062723c751e8b465ee728b)  -> (artifact id: '2995f307cba46a5630b913a2ff194c00') in 0.028638 seconds 
========================================================================
Received Import Request.
  Time since last request: 2.769899 seconds.
  path: Assets/Prefabs/SM_Prop_Drone_01 Variant 1.prefab
  artifactKey: Guid(030b8b7f13f484f99b6d698a192196b9) Importer(815301076,1909f56bfc062723c751e8b465ee728b)
Start importing Assets/Prefabs/SM_Prop_Drone_01 Variant 1.prefab using Guid(030b8b7f13f484f99b6d698a192196b9) Importer(815301076,1909f56bfc062723c751e8b465ee728b)  -> (artifact id: '00aca2b0ebc6d09cc09dd4f473989145') in 0.030187 seconds 
========================================================================
Received Import Request.
  Time since last request: 5.209387 seconds.
  path: Assets/Prefabs/SM_Prop_Drone_01 Variant 1.prefab
  artifactKey: Guid(030b8b7f13f484f99b6d698a192196b9) Importer(815301076,1909f56bfc062723c751e8b465ee728b)
Start importing Assets/Prefabs/SM_Prop_Drone_01 Variant 1.prefab using Guid(030b8b7f13f484f99b6d698a192196b9) Importer(815301076,1909f56bfc062723c751e8b465ee728b)  -> (artifact id: 'c9f383475f5551556ed302ed677b80d4') in 0.032728 seconds 
========================================================================
Received Import Request.
  Time since last request: 9.051531 seconds.
  path: Assets/Prefabs/SM_Prop_Drone_01 Variant 1.prefab
  artifactKey: Guid(030b8b7f13f484f99b6d698a192196b9) Importer(815301076,1909f56bfc062723c751e8b465ee728b)
Start importing Assets/Prefabs/SM_Prop_Drone_01 Variant 1.prefab using Guid(030b8b7f13f484f99b6d698a192196b9) Importer(815301076,1909f56bfc062723c751e8b465ee728b)  -> (artifact id: '2e854abd7ae391bcb15dbe877e018f79') in 0.031628 seconds 
========================================================================
Received Import Request.
  Time since last request: 0.885752 seconds.
  path: Assets/Prefabs/SM_Prop_Drone_01 Variant 1.prefab
  artifactKey: Guid(030b8b7f13f484f99b6d698a192196b9) Importer(815301076,1909f56bfc062723c751e8b465ee728b)
Start importing Assets/Prefabs/SM_Prop_Drone_01 Variant 1.prefab using Guid(030b8b7f13f484f99b6d698a192196b9) Importer(815301076,1909f56bfc062723c751e8b465ee728b)  -> (artifact id: '0255198cf8b3ababb60a98f9db6ee4e9') in 0.029619 seconds 
========================================================================
Received Import Request.
  Time since last request: 9.360695 seconds.
  path: Assets/Prefabs/SM_Prop_Drone_01 Variant 1.prefab
  artifactKey: Guid(030b8b7f13f484f99b6d698a192196b9) Importer(815301076,1909f56bfc062723c751e8b465ee728b)
Start importing Assets/Prefabs/SM_Prop_Drone_01 Variant 1.prefab using Guid(030b8b7f13f484f99b6d698a192196b9) Importer(815301076,1909f56bfc062723c751e8b465ee728b)  -> (artifact id: 'c1ab49fdeca7cbfba419ad0d15464907') in 0.034720 seconds 
========================================================================
Received Import Request.
  Time since last request: 2.990395 seconds.
  path: Assets/Prefabs/SM_Prop_Drone_01 Variant 1.prefab
  artifactKey: Guid(030b8b7f13f484f99b6d698a192196b9) Importer(815301076,1909f56bfc062723c751e8b465ee728b)
Start importing Assets/Prefabs/SM_Prop_Drone_01 Variant 1.prefab using Guid(030b8b7f13f484f99b6d698a192196b9) Importer(815301076,1909f56bfc062723c751e8b465ee728b)  -> (artifact id: '9356fb5277f45d0dbfda101d6b5bc92f') in 0.033156 seconds 
========================================================================
Received Import Request.
  Time since last request: 4.417101 seconds.
  path: Assets/Prefabs/SM_Prop_Drone_01 Variant 1.prefab
  artifactKey: Guid(030b8b7f13f484f99b6d698a192196b9) Importer(815301076,1909f56bfc062723c751e8b465ee728b)
Start importing Assets/Prefabs/SM_Prop_Drone_01 Variant 1.prefab using Guid(030b8b7f13f484f99b6d698a192196b9) Importer(815301076,1909f56bfc062723c751e8b465ee728b)  -> (artifact id: '1cb6baf58f456cce3af191243b6cf940') in 0.034622 seconds 
========================================================================
Received Import Request.
  Time since last request: 8.706301 seconds.
  path: Assets/Prefabs/SM_Prop_Drone_01 Variant 1.prefab
  artifactKey: Guid(030b8b7f13f484f99b6d698a192196b9) Importer(815301076,1909f56bfc062723c751e8b465ee728b)
Start importing Assets/Prefabs/SM_Prop_Drone_01 Variant 1.prefab using Guid(030b8b7f13f484f99b6d698a192196b9) Importer(815301076,1909f56bfc062723c751e8b465ee728b)  -> (artifact id: '52fb44b7ec30b8829ce8b25a065c6c02') in 0.033028 seconds 
========================================================================
Received Import Request.
  Time since last request: 4.090274 seconds.
  path: Assets/Prefabs/SM_Prop_Drone_01 Variant 1.prefab
  artifactKey: Guid(030b8b7f13f484f99b6d698a192196b9) Importer(815301076,1909f56bfc062723c751e8b465ee728b)
Start importing Assets/Prefabs/SM_Prop_Drone_01 Variant 1.prefab using Guid(030b8b7f13f484f99b6d698a192196b9) Importer(815301076,1909f56bfc062723c751e8b465ee728b)  -> (artifact id: '214b38e97995e63a603029b7cf81746c') in 0.036863 seconds 
========================================================================
Received Import Request.
  Time since last request: 4.983640 seconds.
  path: Assets/Prefabs/SM_Prop_Drone_01 Variant 1.prefab
  artifactKey: Guid(030b8b7f13f484f99b6d698a192196b9) Importer(815301076,1909f56bfc062723c751e8b465ee728b)
Start importing Assets/Prefabs/SM_Prop_Drone_01 Variant 1.prefab using Guid(030b8b7f13f484f99b6d698a192196b9) Importer(815301076,1909f56bfc062723c751e8b465ee728b)  -> (artifact id: '130641594f5e178c25fa5f6bbe9a0ecb') in 0.039836 seconds 
========================================================================
Received Import Request.
  Time since last request: 2.759092 seconds.
  path: Assets/Prefabs/SM_Prop_Drone_01 Variant 1.prefab
  artifactKey: Guid(030b8b7f13f484f99b6d698a192196b9) Importer(815301076,1909f56bfc062723c751e8b465ee728b)
Start importing Assets/Prefabs/SM_Prop_Drone_01 Variant 1.prefab using Guid(030b8b7f13f484f99b6d698a192196b9) Importer(815301076,1909f56bfc062723c751e8b465ee728b)  -> (artifact id: 'ea94cc9b9baf6f3e497046b73fc3dd43') in 0.030370 seconds 
========================================================================
Received Import Request.
  Time since last request: 4.135943 seconds.
  path: Assets/Prefabs/SM_Prop_Drone_01 Variant 1.prefab
  artifactKey: Guid(030b8b7f13f484f99b6d698a192196b9) Importer(815301076,1909f56bfc062723c751e8b465ee728b)
Start importing Assets/Prefabs/SM_Prop_Drone_01 Variant 1.prefab using Guid(030b8b7f13f484f99b6d698a192196b9) Importer(815301076,1909f56bfc062723c751e8b465ee728b)  -> (artifact id: 'fd22c44891049fe3bda30b181ae776c7') in 0.035049 seconds 
========================================================================
Received Import Request.
  Time since last request: 20.496866 seconds.
  path: Assets/Prefabs/SM_Prop_Drone_01 Variant 1.prefab
  artifactKey: Guid(030b8b7f13f484f99b6d698a192196b9) Importer(815301076,1909f56bfc062723c751e8b465ee728b)
Start importing Assets/Prefabs/SM_Prop_Drone_01 Variant 1.prefab using Guid(030b8b7f13f484f99b6d698a192196b9) Importer(815301076,1909f56bfc062723c751e8b465ee728b)  -> (artifact id: '5e02e65ddc870ef32c39e3bde022904a') in 0.033969 seconds 
========================================================================
Received Import Request.
  Time since last request: 9.834254 seconds.
  path: Assets/Prefabs/SM_Prop_Drone_01 Variant 1.prefab
  artifactKey: Guid(030b8b7f13f484f99b6d698a192196b9) Importer(815301076,1909f56bfc062723c751e8b465ee728b)
Start importing Assets/Prefabs/SM_Prop_Drone_01 Variant 1.prefab using Guid(030b8b7f13f484f99b6d698a192196b9) Importer(815301076,1909f56bfc062723c751e8b465ee728b)  -> (artifact id: '95a451bc92185984175edd4f121880df') in 0.035185 seconds 
========================================================================
Received Prepare
Registering precompiled user dll's ...
Registered in 0.001497 seconds.
Begin MonoManager ReloadAssembly
Symbol file LoadedFromMemory doesn't match image /Users/texas/3d project unity/Project Boost/Library/PackageCache/com.unity.collab-proxy@1.15.15/Lib/Editor/PlasticSCM/unityplastic.dll
Native extension for OSXStandalone target not found
Native extension for WebGL target not found
Refreshing native plugins compatible for Editor in 0.71 ms, found 2 plugins.
Preloading 0 native plugins for Editor in 0.00 ms.
Mono: successfully reloaded assembly
- Completed reload, in  1.492 seconds
Domain Reload Profiling:
	ReloadAssembly (1492ms)
		BeginReloadAssembly (146ms)
			ExecutionOrderSort (0ms)
			DisableScriptedObjects (6ms)
			BackupInstance (0ms)
			ReleaseScriptingObjects (0ms)
			CreateAndSetChildDomain (69ms)
		EndReloadAssembly (1257ms)
			LoadAssemblies (105ms)
			RebuildTransferFunctionScriptingTraits (0ms)
			SetupTypeCache (405ms)
			ReleaseScriptCaches (1ms)
			RebuildScriptCaches (52ms)
			SetupLoadedEditorAssemblies (521ms)
				LogAssemblyErrors (0ms)
				InitializePlatformSupportModulesInManaged (9ms)
				SetLoadedEditorAssemblies (1ms)
				RefreshPlugins (1ms)
				BeforeProcessingInitializeOnLoad (191ms)
				ProcessInitializeOnLoadAttributes (306ms)
				ProcessInitializeOnLoadMethodAttributes (12ms)
				AfterProcessingInitializeOnLoad (2ms)
				EditorAssembliesLoaded (0ms)
			ExecutionOrderSort2 (0ms)
			AwakeInstancesAfterBackupRestoration (10ms)
Platform modules already initialized, skipping
Refreshing native plugins compatible for Editor in 0.42 ms, found 2 plugins.
Preloading 0 native plugins for Editor in 0.00 ms.
Unloading 1503 Unused Serialized files (Serialized files now loaded: 0)
System memory in use before: 271.0 MB.
System memory in use after: 271.1 MB.

Unloading 15 unused Assets to reduce memory usage. Loaded Objects now: 2022.
Total: 4.292225 ms (FindLiveObjects: 0.147624 ms CreateObjectMapping: 0.051886 ms MarkObjects: 4.051879 ms  DeleteObjects: 0.039919 ms)

AssetImportParameters requested are different than current active one (requested -> active):
  custom:video-decoder-ogg-theora: a1e56fd34408186e4bbccfd4996cb3dc -> 
  custom:container-muxer-webm: aa71ff27fc2769a1b78a27578f13a17b -> 
  custom:container-demuxer-webm: 4f35f7cbe854078d1ac9338744f61a02 -> 
  custom:container-demuxer-ogg: 62fdf1f143b41e24485cea50d1cbac27 -> 
  custom:video-encoder-webm-vp8: eb34c28f22e8b96e1ab97ce403110664 -> 
  custom:framework-osx-AVFoundation: e770b220cccbd017edd2c1fefb359320 -> 
  custom:video-decoder-webm-vp8: 9c59270c3fd7afecdb556c50c9e8de78 -> 
  custom:audio-decoder-ogg-vorbis: bf7c407c2cedff20999df2af8eb42d56 -> 
  custom:audio-encoder-webm-vorbis: bf7c407c2cedff20999df2af8eb42d56 -> 
